<?xml version="1.0" encoding="UTF-8"?>
<testsuite name="com.epam.utils.StringUtilsTest" tests="1" skipped="0" failures="0" errors="0" timestamp="2023-04-05T09:05:51" hostname="MacBook-Air.local" time="0.048">
  <properties/>
  <testcase name="isPositiveNumberTest()" classname="com.epam.utils.StringUtilsTest" time="0.048"/>
  <system-out><![CDATA[]]></system-out>
  <system-err><![CDATA[]]></system-err>
</testsuite>
