<?xml version="1.0" encoding="UTF-8"?>
<testsuite name="com.epam.demo.UtilsTest" tests="1" skipped="0" failures="0" errors="0" timestamp="2023-04-05T12:10:47" hostname="MacBook-Air.local" time="0.087">
  <properties/>
  <testcase name="isAllPositiveNumbers()" classname="com.epam.demo.UtilsTest" time="0.087"/>
  <system-out><![CDATA[]]></system-out>
  <system-err><![CDATA[]]></system-err>
</testsuite>
